<?xml version="1.0" encoding="UTF-8"?>
<testsuites name="jest tests" tests="197" failures="0" errors="0" time="4.713">
  <testsuite name="roleService.getRoles" errors="0" failures="0" skipped="0" timestamp="2026-09-09T14:22:05" time="3.921" tests="4">
    <testcase classname="roleService.getRoles returns every role mapping" name="roleService.getRoles returns every role mapping" time="0.007">
    </testcase>
    <testcase classname="roleService.getRoleByUser throws 404 for an unknown or inactive user" name="roleService.getRoleByUser throws 404 for an unknown or inactive user" time="0.001">
    </testcase>
    <testcase classname="roleService.getRoleByUser resolves code plus mapping fields" name="roleService.getRoleByUser resolves code plus mapping fields" time="0.001">
    </testcase>
    <testcase classname="roleService.getRoleByUser falls back to null mapping when roles are unseeded" name="roleService.getRoleByUser falls back to null mapping when roles are unseeded" time="0">
    </testcase>
  </testsuite>
  <testsuite name="encodeGeohash / decodeGeohash" errors="0" failures="0" skipped="0" timestamp="2026-09-09T14:22:05" time="3.958" tests="17">
    <testcase classname="encodeGeohash / decodeGeohash produces a deterministic string of the requested precision" name="encodeGeohash / decodeGeohash produces a deterministic string of the requested precision" time="0.005">
    </testcase>
    <testcase classname="encodeGeohash / decodeGeohash round-trips within the cell tolerance" name="encodeGeohash / decodeGeohash round-trips within the cell tolerance" time="0">
    </testcase>
    <testcase classname="encodeGeohash / decodeGeohash throws on invalid characters" name="encodeGeohash / decodeGeohash throws on invalid characters" time="0.011">
    </testcase>
    <testcase classname="haversineMeters returns zero for identical points" name="haversineMeters returns zero for identical points" time="0">
    </testcase>
    <testcase classname="haversineMeters matches one equatorial degree of longitude" name="haversineMeters matches one equatorial degree of longitude" time="0">
    </testcase>
    <testcase classname="boundsForRadiusMeters returns a symmetric box around the center" name="boundsForRadiusMeters returns a symmetric box around the center" time="0.001">
    </testcase>
    <testcase classname="isWithinRadiusMeters accepts the center and the boundary, rejects far points" name="isWithinRadiusMeters accepts the center and the boundary, rejects far points" time="0">
    </testcase>
    <testcase classname="pointToSegmentMeters returns zero for a point on the segment" name="pointToSegmentMeters returns zero for a point on the segment" time="0">
    </testcase>
    <testcase classname="pointToSegmentMeters measures the perpendicular offset" name="pointToSegmentMeters measures the perpendicular offset" time="0.001">
    </testcase>
    <testcase classname="pointToSegmentMeters clamps to the nearer endpoint past the ends" name="pointToSegmentMeters clamps to the nearer endpoint past the ends" time="0">
    </testcase>
    <testcase classname="pointToSegmentMeters falls back to point distance for a degenerate segment" name="pointToSegmentMeters falls back to point distance for a degenerate segment" time="0.001">
    </testcase>
    <testcase classname="lineStringHitsCircles hits a zone centered on the line" name="lineStringHitsCircles hits a zone centered on the line" time="0">
    </testcase>
    <testcase classname="lineStringHitsCircles misses a zone far from the line" name="lineStringHitsCircles misses a zone far from the line" time="0.001">
    </testcase>
    <testcase classname="lineStringHitsCircles respects the boundary and sorts by distance" name="lineStringHitsCircles respects the boundary and sorts by distance" time="0">
    </testcase>
    <testcase classname="lineStringHitsCircles handles single-point and malformed geometry" name="lineStringHitsCircles handles single-point and malformed geometry" time="0.001">
    </testcase>
    <testcase classname="cellsForBounds returns unique 5-char cells covering the bounds" name="cellsForBounds returns unique 5-char cells covering the bounds" time="0.002">
    </testcase>
    <testcase classname="cellsForBounds covers the center cell of a point" name="cellsForBounds covers the center cell of a point" time="0.001">
    </testcase>
  </testsuite>
  <testsuite name="shopService.createShop" errors="0" failures="0" skipped="0" timestamp="2026-09-09T14:22:05" time="3.861" tests="4">
    <testcase classname="shopService.createShop throws 404 for an unknown user" name="shopService.createShop throws 404 for an unknown user" time="0.004">
    </testcase>
    <testcase classname="shopService.createShop creates the shop" name="shopService.createShop creates the shop" time="0.001">
    </testcase>
    <testcase classname="shopService.nearShops returns in-radius shops with distances" name="shopService.nearShops returns in-radius shops with distances" time="0.002">
    </testcase>
    <testcase classname="shopService.nearShops filters by type when requested" name="shopService.nearShops filters by type when requested" time="0">
    </testcase>
  </testsuite>
  <testsuite name="diagnosticService.createDiagnostic" errors="0" failures="0" skipped="0" timestamp="2026-09-09T14:22:05" time="3.964" tests="3">
    <testcase classname="diagnosticService.createDiagnostic records the diagnostic" name="diagnosticService.createDiagnostic records the diagnostic" time="0.007">
    </testcase>
    <testcase classname="diagnosticService.getDiagnostic throws 404 for an unknown diagnostic" name="diagnosticService.getDiagnostic throws 404 for an unknown diagnostic" time="0.001">
    </testcase>
    <testcase classname="diagnosticService.getDiagnostic returns the diagnostic" name="diagnosticService.getDiagnostic returns the diagnostic" time="0">
    </testcase>
  </testsuite>
  <testsuite name="computePassability" errors="0" failures="0" skipped="0" timestamp="2026-09-09T14:22:05" time="3.883" tests="11">
    <testcase classname="computePassability scores unknown width as neutral" name="computePassability scores unknown width as neutral" time="0.004">
    </testcase>
    <testcase classname="computePassability rejects vehicles wider than the segment" name="computePassability rejects vehicles wider than the segment" time="0">
    </testcase>
    <testcase classname="computePassability grades by margin" name="computePassability grades by margin" time="0.001">
    </testcase>
    <testcase classname="alleySegmentService.getSegment throws 404 for an unknown segment" name="alleySegmentService.getSegment throws 404 for an unknown segment" time="0.001">
    </testcase>
    <testcase classname="alleySegmentService.createSegment throws 404 for an unknown user" name="alleySegmentService.createSegment throws 404 for an unknown user" time="0">
    </testcase>
    <testcase classname="alleySegmentService.createSegment creates the segment" name="alleySegmentService.createSegment creates the segment" time="0.001">
    </testcase>
    <testcase classname="alleySegmentService.setPassability throws 404 for unknown user or segment" name="alleySegmentService.setPassability throws 404 for unknown user or segment" time="0">
    </testcase>
    <testcase classname="alleySegmentService.setPassability writes the measurements" name="alleySegmentService.setPassability writes the measurements" time="0.001">
    </testcase>
    <testcase classname="alleySegmentService.moderateSegment throws 404 for an unknown segment" name="alleySegmentService.moderateSegment throws 404 for an unknown segment" time="0">
    </testcase>
    <testcase classname="alleySegmentService.moderateSegment patches only provided fields" name="alleySegmentService.moderateSegment patches only provided fields" time="0.001">
    </testcase>
    <testcase classname="alleySegmentService.moderateSegment skips the write when the patch is empty" name="alleySegmentService.moderateSegment skips the write when the patch is empty" time="0">
    </testcase>
  </testsuite>
  <testsuite name="sanitizeObject" errors="0" failures="0" skipped="0" timestamp="2026-09-09T14:22:05" time="3.992" tests="4">
    <testcase classname="sanitizeObject trims strings" name="sanitizeObject trims strings" time="0.01">
    </testcase>
    <testcase classname="sanitizeObject strips control characters but keeps tab and newline" name="sanitizeObject strips control characters but keeps tab and newline" time="0.001">
    </testcase>
    <testcase classname="sanitizeObject passes non-objects through" name="sanitizeObject passes non-objects through" time="0.001">
    </testcase>
    <testcase classname="sanitizeObject recurses into arrays and nested objects" name="sanitizeObject recurses into arrays and nested objects" time="0.001">
    </testcase>
  </testsuite>
  <testsuite name="requireAuth" errors="0" failures="0" skipped="0" timestamp="2026-09-09T14:22:05" time="3.996" tests="7">
    <testcase classname="requireAuth rejects requests without a bearer token with 401" name="requireAuth rejects requests without a bearer token with 401" time="0.008">
    </testcase>
    <testcase classname="requireAuth rejects malformed authorization headers with 401" name="requireAuth rejects malformed authorization headers with 401" time="0.001">
    </testcase>
    <testcase classname="requireAuth returns 404 when the token uid has no user document" name="requireAuth returns 404 when the token uid has no user document" time="0.001">
    </testcase>
    <testcase classname="requireRole rejects unauthenticated requests with 401" name="requireRole rejects unauthenticated requests with 401" time="0.001">
    </testcase>
    <testcase classname="requireRole rejects mismatched roles with 403" name="requireRole rejects mismatched roles with 403" time="0">
    </testcase>
    <testcase classname="requireRole passes matching roles" name="requireRole passes matching roles" time="0.001">
    </testcase>
    <testcase classname="requireRole supports role arrays" name="requireRole supports role arrays" time="0">
    </testcase>
  </testsuite>
  <testsuite name="userService.register" errors="0" failures="0" skipped="0" timestamp="2026-09-09T14:22:05" time="3.957" tests="11">
    <testcase classname="userService.register creates an active rider with zero trust" name="userService.register creates an active rider with zero trust" time="0.006">
    </testcase>
    <testcase classname="userService.getOneUser throws 404 for an unknown user" name="userService.getOneUser throws 404 for an unknown user" time="0">
    </testcase>
    <testcase classname="userService.getOneUser returns the user document" name="userService.getOneUser returns the user document" time="0.001">
    </testcase>
    <testcase classname="userService.getAllUser returns every user" name="userService.getAllUser returns every user" time="0">
    </testcase>
    <testcase classname="userService.updateRole blocks self role changes with 400" name="userService.updateRole blocks self role changes with 400" time="0.001">
    </testcase>
    <testcase classname="userService.updateRole throws 404 for an unknown target" name="userService.updateRole throws 404 for an unknown target" time="0">
    </testcase>
    <testcase classname="userService.updateRole updates and invalidates the target and list caches" name="userService.updateRole updates and invalidates the target and list caches" time="0.001">
    </testcase>
    <testcase classname="userService.updateTrustScore throws 404 for an unknown target" name="userService.updateTrustScore throws 404 for an unknown target" time="0">
    </testcase>
    <testcase classname="userService.updateTrustScore writes the new score" name="userService.updateTrustScore writes the new score" time="0">
    </testcase>
    <testcase classname="userService.updateStatus blocks self status changes with 400" name="userService.updateStatus blocks self status changes with 400" time="0.001">
    </testcase>
    <testcase classname="userService.updateStatus updates and invalidates caches" name="userService.updateStatus updates and invalidates caches" time="0">
    </testcase>
  </testsuite>
  <testsuite name="cacheManager with CACHE_ENABLED=false" errors="0" failures="0" skipped="0" timestamp="2026-09-09T14:22:05" time="4.078" tests="6">
    <testcase classname="cacheManager with CACHE_ENABLED=false reports disabled" name="cacheManager with CACHE_ENABLED=false reports disabled" time="0.002">
    </testcase>
    <testcase classname="cacheManager with CACHE_ENABLED=false get returns undefined and set is a no-op" name="cacheManager with CACHE_ENABLED=false get returns undefined and set is a no-op" time="0">
    </testcase>
    <testcase classname="cacheManager with CACHE_ENABLED=false wrap passes through to fn on every call" name="cacheManager with CACHE_ENABLED=false wrap passes through to fn on every call" time="0.001">
    </testcase>
    <testcase classname="cacheManager with CACHE_ENABLED=false del does not throw for unknown namespaces" name="cacheManager with CACHE_ENABLED=false del does not throw for unknown namespaces" time="0.001">
    </testcase>
    <testcase classname="cacheManager with CACHE_ENABLED=true caches wrapped results and serves hits" name="cacheManager with CACHE_ENABLED=true caches wrapped results and serves hits" time="0.001">
    </testcase>
    <testcase classname="cacheManager with CACHE_ENABLED=true invalidate and invalidateAll clear entries" name="cacheManager with CACHE_ENABLED=true invalidate and invalidateAll clear entries" time="0">
    </testcase>
  </testsuite>
  <testsuite name="widthToBucket" errors="0" failures="0" skipped="0" timestamp="2026-09-09T14:22:05" time="4.058" tests="12">
    <testcase classname="widthToBucket maps undefined to MEDIUM" name="widthToBucket maps undefined to MEDIUM" time="0.002">
    </testcase>
    <testcase classname="widthToBucket maps 0.5 to NARROW" name="widthToBucket maps 0.5 to NARROW" time="0.001">
    </testcase>
    <testcase classname="widthToBucket maps 0.8 to MEDIUM" name="widthToBucket maps 0.8 to MEDIUM" time="0">
    </testcase>
    <testcase classname="widthToBucket maps 1 to MEDIUM" name="widthToBucket maps 1 to MEDIUM" time="0">
    </testcase>
    <testcase classname="widthToBucket maps 1.5 to WIDE" name="widthToBucket maps 1.5 to WIDE" time="0">
    </testcase>
    <testcase classname="routingService.getRoute throws 404 for an unknown user" name="routingService.getRoute throws 404 for an unknown user" time="0.001">
    </testcase>
    <testcase classname="routingService.getRoute short-circuits on a cache hit without fetching" name="routingService.getRoute short-circuits on a cache hit without fetching" time="0.001">
    </testcase>
    <testcase classname="routingService.getRoute calls OSRM on a miss and persists the result" name="routingService.getRoute calls OSRM on a miss and persists the result" time="0.001">
    </testcase>
    <testcase classname="routingService.getRoute throws 409 with zones when a fresh route crosses a flood" name="routingService.getRoute throws 409 with zones when a fresh route crosses a flood" time="0">
    </testcase>
    <testcase classname="routingService.getRoute throws 409 with zones on a cache hit crossing a flood" name="routingService.getRoute throws 409 with zones on a cache hit crossing a flood" time="0.001">
    </testcase>
    <testcase classname="routingService.getRoute throws 500 when OSRM is down" name="routingService.getRoute throws 500 when OSRM is down" time="0.001">
    </testcase>
    <testcase classname="routingService.getRoute throws 404 when OSRM finds no route" name="routingService.getRoute throws 404 when OSRM finds no route" time="0">
    </testcase>
  </testsuite>
  <testsuite name="dispatchService.createDispatch" errors="0" failures="0" skipped="0" timestamp="2026-09-09T14:22:05" time="4.141" tests="7">
    <testcase classname="dispatchService.createDispatch throws 404 for an unknown user" name="dispatchService.createDispatch throws 404 for an unknown user" time="0.003">
    </testcase>
    <testcase classname="dispatchService.createDispatch creates the ticket" name="dispatchService.createDispatch creates the ticket" time="0">
    </testcase>
    <testcase classname="dispatchService.getDispatch throws 404 for an unknown ticket" name="dispatchService.getDispatch throws 404 for an unknown ticket" time="0.001">
    </testcase>
    <testcase classname="dispatchService.getDispatch returns the ticket" name="dispatchService.getDispatch returns the ticket" time="0">
    </testcase>
    <testcase classname="dispatchService.updateDispatchStatus rejects illegal statuses with 400" name="dispatchService.updateDispatchStatus rejects illegal statuses with 400" time="0">
    </testcase>
    <testcase classname="dispatchService.updateDispatchStatus throws 404 for an unknown ticket" name="dispatchService.updateDispatchStatus throws 404 for an unknown ticket" time="0.001">
    </testcase>
    <testcase classname="dispatchService.updateDispatchStatus advances the status" name="dispatchService.updateDispatchStatus advances the status" time="0">
    </testcase>
  </testsuite>
  <testsuite name="landmarkService.matchNearby" errors="0" failures="0" skipped="0" timestamp="2026-09-09T14:22:05" time="4.189" tests="5">
    <testcase classname="landmarkService.matchNearby accepts the best match above the threshold" name="landmarkService.matchNearby accepts the best match above the threshold" time="0.005">
    </testcase>
    <testcase classname="landmarkService.matchNearby returns null below the threshold with the best score" name="landmarkService.matchNearby returns null below the threshold with the best score" time="0">
    </testcase>
    <testcase classname="landmarkService.matchNearby skips empty embeddings and mismatched dims" name="landmarkService.matchNearby skips empty embeddings and mismatched dims" time="0">
    </testcase>
    <testcase classname="landmarkService.createLandmark throws 404 for an unknown user" name="landmarkService.createLandmark throws 404 for an unknown user" time="0.001">
    </testcase>
    <testcase classname="landmarkService.createLandmark creates the landmark" name="landmarkService.createLandmark creates the landmark" time="0.001">
    </testcase>
  </testsuite>
  <testsuite name="createCache" errors="0" failures="0" skipped="0" timestamp="2026-09-09T14:22:05" time="4.124" tests="11">
    <testcase classname="createCache returns undefined for a missing key" name="createCache returns undefined for a missing key" time="0.004">
    </testcase>
    <testcase classname="createCache stores and retrieves a value" name="createCache stores and retrieves a value" time="0.002">
    </testcase>
    <testcase classname="createCache expires entries after ttlMs" name="createCache expires entries after ttlMs" time="0.062">
    </testcase>
    <testcase classname="createCache deletes a single key" name="createCache deletes a single key" time="0.001">
    </testcase>
    <testcase classname="createCache clears all keys" name="createCache clears all keys" time="0.001">
    </testcase>
    <testcase classname="sizeOf measures strings in bytes" name="sizeOf measures strings in bytes" time="0">
    </testcase>
    <testcase classname="sizeOf measures numbers and booleans as 8" name="sizeOf measures numbers and booleans as 8" time="0">
    </testcase>
    <testcase classname="sizeOf returns the minimum size for nullish values" name="sizeOf returns the minimum size for nullish values" time="0">
    </testcase>
    <testcase classname="sizeOf sums arrays and stringifies objects" name="sizeOf sums arrays and stringifies objects" time="0.001">
    </testcase>
    <testcase classname="parseTtl falls back when unset or invalid" name="parseTtl falls back when unset or invalid" time="0">
    </testcase>
    <testcase classname="parseTtl parses positive integers" name="parseTtl parses positive integers" time="0">
    </testcase>
  </testsuite>
  <testsuite name="routingCacheRepository.isExpired" errors="0" failures="0" skipped="0" timestamp="2026-09-09T14:22:05" time="4.198" tests="8">
    <testcase classname="routingCacheRepository.isExpired treats entries without expiresAt as valid (legacy docs)" name="routingCacheRepository.isExpired treats entries without expiresAt as valid (legacy docs)" time="0.002">
    </testcase>
    <testcase classname="routingCacheRepository.isExpired treats future expiresAt as valid" name="routingCacheRepository.isExpired treats future expiresAt as valid" time="0">
    </testcase>
    <testcase classname="routingCacheRepository.isExpired treats past expiresAt as expired" name="routingCacheRepository.isExpired treats past expiresAt as expired" time="0">
    </testcase>
    <testcase classname="routingCacheRepository.isExpired treats expiresAt equal to now as expired" name="routingCacheRepository.isExpired treats expiresAt equal to now as expired" time="0">
    </testcase>
    <testcase classname="routingCacheRepository.isExpired treats unparseable expiresAt as expired (self-healing)" name="routingCacheRepository.isExpired treats unparseable expiresAt as expired (self-healing)" time="0.001">
    </testcase>
    <testcase classname="routingCacheRepository.ttlSeconds defaults to 30 days when unset" name="routingCacheRepository.ttlSeconds defaults to 30 days when unset" time="0">
    </testcase>
    <testcase classname="routingCacheRepository.ttlSeconds honors a positive override" name="routingCacheRepository.ttlSeconds honors a positive override" time="0">
    </testcase>
    <testcase classname="routingCacheRepository.ttlSeconds falls back on zero, negative, or non-numeric values" name="routingCacheRepository.ttlSeconds falls back on zero, negative, or non-numeric values" time="0">
    </testcase>
  </testsuite>
  <testsuite name="schemas accept valid samples" errors="0" failures="0" skipped="0" timestamp="2026-09-09T14:22:05" time="4.171" tests="51">
    <testcase classname="schemas accept valid samples register passes" name="schemas accept valid samples register passes" time="0.003">
    </testcase>
    <testcase classname="schemas accept valid samples getOneUser passes" name="schemas accept valid samples getOneUser passes" time="0">
    </testcase>
    <testcase classname="schemas accept valid samples updateUserRole passes" name="schemas accept valid samples updateUserRole passes" time="0">
    </testcase>
    <testcase classname="schemas accept valid samples updateUserTrust passes" name="schemas accept valid samples updateUserTrust passes" time="0">
    </testcase>
    <testcase classname="schemas accept valid samples updateUserStatus passes" name="schemas accept valid samples updateUserStatus passes" time="0">
    </testcase>
    <testcase classname="schemas accept valid samples createVehicleProfile passes" name="schemas accept valid samples createVehicleProfile passes" time="0.001">
    </testcase>
    <testcase classname="schemas accept valid samples addRideConfig passes" name="schemas accept valid samples addRideConfig passes" time="0">
    </testcase>
    <testcase classname="schemas accept valid samples getAllVehicleProfiles passes" name="schemas accept valid samples getAllVehicleProfiles passes" time="0">
    </testcase>
    <testcase classname="schemas accept valid samples getAlleySegment passes" name="schemas accept valid samples getAlleySegment passes" time="0">
    </testcase>
    <testcase classname="schemas accept valid samples searchAlleysNear passes" name="schemas accept valid samples searchAlleysNear passes" time="0">
    </testcase>
    <testcase classname="schemas accept valid samples createAlleySegment passes" name="schemas accept valid samples createAlleySegment passes" time="0">
    </testcase>
    <testcase classname="schemas accept valid samples setPassability passes" name="schemas accept valid samples setPassability passes" time="0.001">
    </testcase>
    <testcase classname="schemas accept valid samples moderateSegment passes" name="schemas accept valid samples moderateSegment passes" time="0">
    </testcase>
    <testcase classname="schemas accept valid samples createFlag passes" name="schemas accept valid samples createFlag passes" time="0">
    </testcase>
    <testcase classname="schemas accept valid samples moderateFlag passes" name="schemas accept valid samples moderateFlag passes" time="0">
    </testcase>
    <testcase classname="schemas accept valid samples getFlagsNear passes" name="schemas accept valid samples getFlagsNear passes" time="0">
    </testcase>
    <testcase classname="schemas accept valid samples confirmFlag passes" name="schemas accept valid samples confirmFlag passes" time="0">
    </testcase>
    <testcase classname="schemas accept valid samples unflagFlag passes" name="schemas accept valid samples unflagFlag passes" time="0">
    </testcase>
    <testcase classname="schemas accept valid samples nearLandmarks passes" name="schemas accept valid samples nearLandmarks passes" time="0.001">
    </testcase>
    <testcase classname="schemas accept valid samples createLandmark passes" name="schemas accept valid samples createLandmark passes" time="0">
    </testcase>
    <testcase classname="schemas accept valid samples matchLandmark passes" name="schemas accept valid samples matchLandmark passes" time="0">
    </testcase>
    <testcase classname="schemas accept valid samples getRoute passes" name="schemas accept valid samples getRoute passes" time="0">
    </testcase>
    <testcase classname="schemas accept valid samples createShop passes" name="schemas accept valid samples createShop passes" time="0">
    </testcase>
    <testcase classname="schemas accept valid samples nearShops passes" name="schemas accept valid samples nearShops passes" time="0">
    </testcase>
    <testcase classname="schemas accept valid samples createDiagnostic passes" name="schemas accept valid samples createDiagnostic passes" time="0.001">
    </testcase>
    <testcase classname="schemas accept valid samples getDiagnostic passes" name="schemas accept valid samples getDiagnostic passes" time="0">
    </testcase>
    <testcase classname="schemas accept valid samples createDispatch passes" name="schemas accept valid samples createDispatch passes" time="0">
    </testcase>
    <testcase classname="schemas accept valid samples getDispatch passes" name="schemas accept valid samples getDispatch passes" time="0">
    </testcase>
    <testcase classname="schemas accept valid samples updateDispatchStatus passes" name="schemas accept valid samples updateDispatchStatus passes" time="0">
    </testcase>
    <testcase classname="schemas accept valid samples getRoles passes" name="schemas accept valid samples getRoles passes" time="0">
    </testcase>
    <testcase classname="schemas accept valid samples getRoleByUser passes" name="schemas accept valid samples getRoleByUser passes" time="0">
    </testcase>
    <testcase classname="schemas accept valid samples getStatuses passes" name="schemas accept valid samples getStatuses passes" time="0.001">
    </testcase>
    <testcase classname="schemas reject invalid input register rejects bad email and short password" name="schemas reject invalid input register rejects bad email and short password" time="0.001">
    </testcase>
    <testcase classname="schemas reject invalid input updateUserStatus rejects unknown status codes" name="schemas reject invalid input updateUserStatus rejects unknown status codes" time="0">
    </testcase>
    <testcase classname="schemas reject invalid input updateUserRole requires target and role" name="schemas reject invalid input updateUserRole requires target and role" time="0">
    </testcase>
    <testcase classname="schemas reject invalid input createVehicleProfile rejects bad type" name="schemas reject invalid input createVehicleProfile rejects bad type" time="0.001">
    </testcase>
    <testcase classname="schemas reject invalid input addRideConfig rejects bad configType" name="schemas reject invalid input addRideConfig rejects bad configType" time="0">
    </testcase>
    <testcase classname="schemas reject invalid input createAlleySegment rejects bad tier and out-of-range coords" name="schemas reject invalid input createAlleySegment rejects bad tier and out-of-range coords" time="0">
    </testcase>
    <testcase classname="schemas reject invalid input setPassability requires segment and tier" name="schemas reject invalid input setPassability requires segment and tier" time="0.001">
    </testcase>
    <testcase classname="schemas reject invalid input moderateSegment allows tier and verifiedCount to be omitted" name="schemas reject invalid input moderateSegment allows tier and verifiedCount to be omitted" time="0">
    </testcase>
    <testcase classname="schemas reject invalid input createFlag rejects bad type" name="schemas reject invalid input createFlag rejects bad type" time="0">
    </testcase>
    <testcase classname="schemas reject invalid input createFlag accepts an optional radiusMeters within bounds" name="schemas reject invalid input createFlag accepts an optional radiusMeters within bounds" time="0">
    </testcase>
    <testcase classname="schemas reject invalid input unflagFlag requires flagId" name="schemas reject invalid input unflagFlag requires flagId" time="0">
    </testcase>
    <testcase classname="schemas reject invalid input moderateFlag rejects bad status" name="schemas reject invalid input moderateFlag rejects bad status" time="0">
    </testcase>
    <testcase classname="schemas reject invalid input matchLandmark rejects empty or non-numeric embedding" name="schemas reject invalid input matchLandmark rejects empty or non-numeric embedding" time="0">
    </testcase>
    <testcase classname="schemas reject invalid input getRoute requires all coordinates" name="schemas reject invalid input getRoute requires all coordinates" time="0.001">
    </testcase>
    <testcase classname="schemas reject invalid input shop schemas reject bad type" name="schemas reject invalid input shop schemas reject bad type" time="0">
    </testcase>
    <testcase classname="schemas reject invalid input createDiagnostic rejects bad category" name="schemas reject invalid input createDiagnostic rejects bad category" time="0">
    </testcase>
    <testcase classname="schemas reject invalid input dispatch schemas reject bad ticketType and status" name="schemas reject invalid input dispatch schemas reject bad ticketType and status" time="0">
    </testcase>
    <testcase classname="schemas reject invalid input empty-body schemas accept anything" name="schemas reject invalid input empty-body schemas accept anything" time="0.001">
    </testcase>
    <testcase classname="schemas reject invalid input strips unknown fields when requested" name="schemas reject invalid input strips unknown fields when requested" time="0">
    </testcase>
  </testsuite>
  <testsuite name="closureService.findBlocking" errors="0" failures="0" skipped="0" timestamp="2026-09-09T14:22:05" time="4.107" tests="7">
    <testcase classname="closureService.findBlocking returns [] without touching the repo for empty geometry" name="closureService.findBlocking returns [] without touching the repo for empty geometry" time="0.003">
    </testcase>
    <testcase classname="closureService.findBlocking reports a confirmed flood on the route" name="closureService.findBlocking reports a confirmed flood on the route" time="0.001">
    </testcase>
    <testcase classname="closureService.findBlocking honors per-flag radiusMeters over the default" name="closureService.findBlocking honors per-flag radiusMeters over the default" time="0">
    </testcase>
    <testcase classname="closureService.findBlocking blocks obstruction/accident flags with 100 m defaults" name="closureService.findBlocking blocks obstruction/accident flags with 100 m defaults" time="0.001">
    </testcase>
    <testcase classname="closureService.findBlocking reports locked flags as blocking" name="closureService.findBlocking reports locked flags as blocking" time="0">
    </testcase>
    <testcase classname="closureService.findBlocking ignores non-blocking flags" name="closureService.findBlocking ignores non-blocking flags" time="0">
    </testcase>
    <testcase classname="closureService.findBlocking sorts multiple hits by distance" name="closureService.findBlocking sorts multiple hits by distance" time="0.001">
    </testcase>
  </testsuite>
  <testsuite name="flagService.createFlag" errors="0" failures="0" skipped="0" timestamp="2026-09-09T14:22:05" time="4.165" tests="22">
    <testcase classname="flagService.createFlag throws 404 for an unknown user" name="flagService.createFlag throws 404 for an unknown user" time="0.003">
    </testcase>
    <testcase classname="flagService.createFlag assigns the ACCIDENT TTL" name="flagService.createFlag assigns the ACCIDENT TTL" time="0">
    </testcase>
    <testcase classname="flagService.createFlag assigns the FLOOD TTL" name="flagService.createFlag assigns the FLOOD TTL" time="0.001">
    </testcase>
    <testcase classname="flagService.createFlag assigns the OBSTRUCTION TTL" name="flagService.createFlag assigns the OBSTRUCTION TTL" time="0">
    </testcase>
    <testcase classname="flagService.createFlag assigns the UNKNOWN TTL" name="flagService.createFlag assigns the UNKNOWN TTL" time="0">
    </testcase>
    <testcase classname="flagService.createFlag passes radiusMeters through to the repository" name="flagService.createFlag passes radiusMeters through to the repository" time="0">
    </testcase>
    <testcase classname="flagService.confirmFlag returns null for an unknown flag" name="flagService.confirmFlag returns null for an unknown flag" time="0.001">
    </testcase>
    <testcase classname="flagService.confirmFlag short-circuits locked flags" name="flagService.confirmFlag short-circuits locked flags" time="0">
    </testcase>
    <testcase classname="flagService.confirmFlag flips to CONFIRMED at the threshold" name="flagService.confirmFlag flips to CONFIRMED at the threshold" time="0.001">
    </testcase>
    <testcase classname="flagService.confirmFlag weights trusted reporters at 1.5" name="flagService.confirmFlag weights trusted reporters at 1.5" time="0">
    </testcase>
    <testcase classname="flagService.getNear excludes expired and rejected flags" name="flagService.getNear excludes expired and rejected flags" time="0.001">
    </testcase>
    <testcase classname="flagService.moderateFlag throws 404 for an unknown flag" name="flagService.moderateFlag throws 404 for an unknown flag" time="0">
    </testcase>
    <testcase classname="flagService.moderateFlag writes the status" name="flagService.moderateFlag writes the status" time="0">
    </testcase>
    <testcase classname="flagService.unflagFlag returns null for an unknown flag" name="flagService.unflagFlag returns null for an unknown flag" time="0">
    </testcase>
    <testcase classname="flagService.unflagFlag returns null for status 4 without deleting" name="flagService.unflagFlag returns null for status 4 without deleting" time="0">
    </testcase>
    <testcase classname="flagService.unflagFlag returns null for status 5 without deleting" name="flagService.unflagFlag returns null for status 5 without deleting" time="0.001">
    </testcase>
    <testcase classname="flagService.unflagFlag throws 400 for a locked flag" name="flagService.unflagFlag throws 400 for a locked flag" time="0">
    </testcase>
    <testcase classname="flagService.unflagFlag throws 403 for a non-reporter" name="flagService.unflagFlag throws 403 for a non-reporter" time="0">
    </testcase>
    <testcase classname="flagService.unflagFlag deletes the reporter&apos;s own flag with status 1" name="flagService.unflagFlag deletes the reporter&apos;s own flag with status 1" time="0">
    </testcase>
    <testcase classname="flagService.unflagFlag deletes the reporter&apos;s own flag with status 2" name="flagService.unflagFlag deletes the reporter&apos;s own flag with status 2" time="0">
    </testcase>
    <testcase classname="flagService.expireFlags expires every lapsed flag and returns the count" name="flagService.expireFlags expires every lapsed flag and returns the count" time="0.001">
    </testcase>
    <testcase classname="flagService.expireFlags returns zero when nothing lapsed" name="flagService.expireFlags returns zero when nothing lapsed" time="0">
    </testcase>
  </testsuite>
  <testsuite name="vehicleProfileService.createProfile" errors="0" failures="0" skipped="0" timestamp="2026-09-09T14:22:05" time="4.147" tests="7">
    <testcase classname="vehicleProfileService.createProfile throws 404 for an unknown user" name="vehicleProfileService.createProfile throws 404 for an unknown user" time="0.002">
    </testcase>
    <testcase classname="vehicleProfileService.createProfile creates the profile for a known user" name="vehicleProfileService.createProfile creates the profile for a known user" time="0">
    </testcase>
    <testcase classname="vehicleProfileService.addRideConfig throws 404 for an unknown user" name="vehicleProfileService.addRideConfig throws 404 for an unknown user" time="0">
    </testcase>
    <testcase classname="vehicleProfileService.addRideConfig throws 404 for an unknown profile" name="vehicleProfileService.addRideConfig throws 404 for an unknown profile" time="0">
    </testcase>
    <testcase classname="vehicleProfileService.addRideConfig attaches the config to a known profile" name="vehicleProfileService.addRideConfig attaches the config to a known profile" time="0.002">
    </testcase>
    <testcase classname="vehicleProfileService.getProfiles throws 404 for an unknown user" name="vehicleProfileService.getProfiles throws 404 for an unknown user" time="0">
    </testcase>
    <testcase classname="vehicleProfileService.getProfiles lists the user profiles" name="vehicleProfileService.getProfiles lists the user profiles" time="0.001">
    </testcase>
  </testsuite>
</testsuites>